2025-11-25 22:47:36.449 [main] INFO  io.ktor.server.Application - Autoreload is disabled because the development mode is off.
2025-11-25 22:47:36.579 [main] INFO  com.zaxxer.hikari.HikariDataSource - HikariPool-1 - Starting...
2025-11-25 22:47:37.286 [main] INFO  com.zaxxer.hikari.pool.HikariPool - HikariPool-1 - Added connection org.postgresql.jdbc.PgConnection@384fc774
2025-11-25 22:47:37.289 [main] INFO  com.zaxxer.hikari.HikariDataSource - HikariPool-1 - Start completed.
2025-11-25 22:47:37.605 [main] INFO  i.m.f.server.database.DatabaseConfig - Database connection established successfully
2025-11-25 22:47:37.979 [main] INFO  Exposed - Preparing create tables statements took 316ms
2025-11-25 22:47:38.150 [main] INFO  Exposed - Executing create tables statements took 114ms
2025-11-25 22:47:38.958 [main] INFO  Exposed - Extracting table columns took 807ms
2025-11-25 22:47:39.542 [main] INFO  Exposed - Extracting primary keys took 582ms
2025-11-25 22:47:40.482 [main] INFO  Exposed - Extracting column constraints took 852ms
2025-11-25 22:47:40.483 [main] INFO  Exposed - Preparing alter tables statements took 2332ms
2025-11-25 22:47:40.702 [main] INFO  Exposed - Executing alter tables statements took 218ms
2025-11-25 22:47:40.934 [main] INFO  Exposed - Checking mapping consistence took 231ms
2025-11-25 22:47:40.935 [main] INFO  i.m.f.server.database.DatabaseConfig - Database schema initialized successfully
2025-11-25 22:47:40.952 [main] INFO  Exposed - Preparing create tables statements took 13ms
2025-11-25 22:47:40.954 [main] INFO  Exposed - Executing create tables statements took 1ms
2025-11-25 22:47:40.963 [main] INFO  Exposed - Extracting table columns took 9ms
2025-11-25 22:47:40.965 [main] INFO  Exposed - Extracting primary keys took 2ms
2025-11-25 22:47:41.017 [main] INFO  Exposed - Extracting column constraints took 51ms
2025-11-25 22:47:41.018 [main] INFO  Exposed - Preparing alter tables statements took 64ms
2025-11-25 22:47:41.033 [main] INFO  Exposed - Executing alter tables statements took 15ms
2025-11-25 22:47:41.071 [main] INFO  Exposed - Checking mapping consistence took 37ms
2025-11-25 22:47:41.138 [main] INFO  i.m.f.server.database.Migrations - Current database schema version: 1
2025-11-25 22:47:41.139 [main] INFO  i.m.f.server.database.Migrations - Database migrations completed. Schema version: 1
2025-11-25 22:47:42.321 [main] INFO  io.ktor.server.Application - Application started in 6.44 seconds.
2025-11-25 22:47:42.937 [DefaultDispatcher-worker-2] INFO  io.ktor.server.Application - Responding at http://0.0.0.0:8080
2025-11-25 22:47:56.464 [eventLoopGroupProxy-4-1] INFO  io.ktor.server.Application - [32m200 OK[m: [36mGET[m - /admin/ in 499ms
2025-11-25 22:48:09.184 [DefaultDispatcher-worker-2] INFO  io.ktor.server.Application - [32m200 OK[m: [36mGET[m - /admin/flagship-admin-ui-web.js in 769ms
2025-11-25 22:51:15.653 [DefaultDispatcher-worker-5] INFO  io.ktor.server.Application - [31m500 Internal Server Error[m: [36mGET[m - /admin/flagship-admin-ui-web.js in 78ms
2025-11-25 22:51:22.267 [DefaultDispatcher-worker-5] INFO  io.ktor.server.Application - [31m500 Internal Server Error[m: [36mGET[m - /admin/flagship-admin-ui-web.js in 4ms
2025-11-25 22:52:39.526 [DefaultDispatcher-worker-2] INFO  io.ktor.server.Application - [32m200 OK[m: [36mGET[m - /admin/ in 7ms
2025-11-25 22:52:39.703 [DefaultDispatcher-worker-6] INFO  io.ktor.server.Application - [32m200 OK[m: [36mGET[m - /admin/flagship-admin-ui-web.js in 119ms
2025-11-25 22:52:39.985 [DefaultDispatcher-worker-1] INFO  io.ktor.server.Application - [32m200 OK[m: [36mGET[m - /admin/bccfa839aa4b38489c76.wasm in 15ms
2025-11-25 22:52:40.243 [eventLoopGroupProxy-4-6] INFO  io.ktor.server.Application - [31m404 Not Found[m: [36mGET[m - /favicon.ico in 8ms
2025-11-25 22:52:48.682 [eventLoopGroupProxy-4-7] INFO  io.ktor.server.Application - [31m404 Not Found[m: [36mGET[m - /.well-known/appspecific/com.chrome.devtools.json in 3ms
2025-11-25 23:27:45.131 [main] INFO  io.ktor.server.Application - Autoreload is disabled because the development mode is off.
2025-11-25 23:27:45.415 [main] INFO  com.zaxxer.hikari.HikariDataSource - HikariPool-1 - Starting...
2025-11-25 23:27:46.672 [main] INFO  com.zaxxer.hikari.pool.HikariPool - HikariPool-1 - Added connection org.postgresql.jdbc.PgConnection@384fc774
2025-11-25 23:27:46.676 [main] INFO  com.zaxxer.hikari.HikariDataSource - HikariPool-1 - Start completed.
2025-11-25 23:27:47.127 [main] INFO  i.m.f.server.database.DatabaseConfig - Database connection established successfully
2025-11-25 23:27:47.457 [main] INFO  Exposed - Preparing create tables statements took 250ms
2025-11-25 23:27:47.458 [main] INFO  Exposed - Executing create tables statements took 1ms
2025-11-25 23:27:47.601 [main] INFO  Exposed - Extracting table columns took 141ms
2025-11-25 23:27:47.731 [main] INFO  Exposed - Extracting primary keys took 130ms
2025-11-25 23:27:49.234 [main] INFO  Exposed - Extracting column constraints took 1222ms
2025-11-25 23:27:49.241 [main] INFO  Exposed - Preparing alter tables statements took 1783ms
2025-11-25 23:27:49.319 [main] INFO  Exposed - Executing alter tables statements took 78ms
2025-11-25 23:27:49.580 [main] INFO  Exposed - Checking mapping consistence took 260ms
2025-11-25 23:27:49.581 [main] INFO  i.m.f.server.database.DatabaseConfig - Database schema initialized successfully
2025-11-25 23:27:49.656 [main] INFO  Exposed - Preparing create tables statements took 41ms
2025-11-25 23:27:49.665 [main] INFO  Exposed - Executing create tables statements took 8ms
2025-11-25 23:27:49.691 [main] INFO  Exposed - Extracting table columns took 25ms
2025-11-25 23:27:49.698 [main] INFO  Exposed - Extracting primary keys took 7ms
2025-11-25 23:27:49.864 [main] INFO  Exposed - Extracting column constraints took 158ms
2025-11-25 23:27:49.864 [main] INFO  Exposed - Preparing alter tables statements took 198ms
2025-11-25 23:27:49.883 [main] INFO  Exposed - Executing alter tables statements took 19ms
2025-11-25 23:27:49.951 [main] INFO  Exposed - Checking mapping consistence took 68ms
2025-11-25 23:27:49.995 [main] INFO  i.m.f.server.database.Migrations - Current database schema version: 1
2025-11-25 23:27:49.996 [main] INFO  i.m.f.server.database.Migrations - Database migrations completed. Schema version: 1
2025-11-25 23:27:51.706 [main] INFO  io.ktor.server.Application - Application started in 8.327 seconds.
2025-11-25 23:27:52.956 [DefaultDispatcher-worker-2] INFO  io.ktor.server.Application - Responding at http://0.0.0.0:8080
